# nnet3-xvector-compute --use-gpu=no --min-chunk-size=25 --chunk-size=10000 --cache-capacity=64 "nnet3-copy --nnet-config=exp/xvector_nnet_1a/extract.config exp/xvector_nnet_1a/final.raw - |" "ark:apply-cmvn-sliding --norm-vars=false --center=true --cmn-window=300 scp:input/feature/split1/1/feats.scp ark:- | select-voiced-frames ark:- scp,s,cs:input/feature/split1/1/vad.scp ark:- |" ark,scp:input/xvector/xvector.1.ark,input/xvector/xvector.1.scp 
# Started at Tue Apr 27 02:17:52 +07 2021
#
nnet3-xvector-compute --use-gpu=no --min-chunk-size=25 --chunk-size=10000 --cache-capacity=64 'nnet3-copy --nnet-config=exp/xvector_nnet_1a/extract.config exp/xvector_nnet_1a/final.raw - |' 'ark:apply-cmvn-sliding --norm-vars=false --center=true --cmn-window=300 scp:input/feature/split1/1/feats.scp ark:- | select-voiced-frames ark:- scp,s,cs:input/feature/split1/1/vad.scp ark:- |' ark,scp:input/xvector/xvector.1.ark,input/xvector/xvector.1.scp 
nnet3-copy --nnet-config=exp/xvector_nnet_1a/extract.config exp/xvector_nnet_1a/final.raw - 
WARNING (nnet3-copy[5.5.883~1-3eea3]:Check():nnet-nnet.cc:789) Node tdnn6.relu is never used to compute any output.
WARNING (nnet3-copy[5.5.883~1-3eea3]:Check():nnet-nnet.cc:789) Node tdnn6.batchnorm is never used to compute any output.
WARNING (nnet3-copy[5.5.883~1-3eea3]:Check():nnet-nnet.cc:789) Node tdnn7.affine is never used to compute any output.
WARNING (nnet3-copy[5.5.883~1-3eea3]:Check():nnet-nnet.cc:789) Node tdnn7.relu is never used to compute any output.
WARNING (nnet3-copy[5.5.883~1-3eea3]:Check():nnet-nnet.cc:789) Node tdnn7.batchnorm is never used to compute any output.
WARNING (nnet3-copy[5.5.883~1-3eea3]:Check():nnet-nnet.cc:789) Node output.affine is never used to compute any output.
WARNING (nnet3-copy[5.5.883~1-3eea3]:Check():nnet-nnet.cc:789) Node output.log-softmax is never used to compute any output.
LOG (nnet3-copy[5.5.883~1-3eea3]:main():nnet3-copy.cc:123) Copied raw neural net from exp/xvector_nnet_1a/final.raw to -
WARNING (nnet3-xvector-compute[5.5.883~1-3eea3]:Check():nnet-nnet.cc:789) Node tdnn6.relu is never used to compute any output.
WARNING (nnet3-xvector-compute[5.5.883~1-3eea3]:Check():nnet-nnet.cc:789) Node tdnn6.batchnorm is never used to compute any output.
WARNING (nnet3-xvector-compute[5.5.883~1-3eea3]:Check():nnet-nnet.cc:789) Node tdnn7.affine is never used to compute any output.
WARNING (nnet3-xvector-compute[5.5.883~1-3eea3]:Check():nnet-nnet.cc:789) Node tdnn7.relu is never used to compute any output.
WARNING (nnet3-xvector-compute[5.5.883~1-3eea3]:Check():nnet-nnet.cc:789) Node tdnn7.batchnorm is never used to compute any output.
WARNING (nnet3-xvector-compute[5.5.883~1-3eea3]:Check():nnet-nnet.cc:789) Node output.affine is never used to compute any output.
WARNING (nnet3-xvector-compute[5.5.883~1-3eea3]:Check():nnet-nnet.cc:789) Node output.log-softmax is never used to compute any output.
LOG (nnet3-xvector-compute[5.5.883~1-3eea3]:RemoveOrphanNodes():nnet-nnet.cc:948) Removed 7 orphan nodes.
LOG (nnet3-xvector-compute[5.5.883~1-3eea3]:RemoveOrphanComponents():nnet-nnet.cc:847) Removing 7 orphan components.
LOG (nnet3-xvector-compute[5.5.883~1-3eea3]:Collapse():nnet-utils.cc:1488) Added 0 components, removed 7
select-voiced-frames ark:- scp,s,cs:input/feature/split1/1/vad.scp ark:- 
apply-cmvn-sliding --norm-vars=false --center=true --cmn-window=300 scp:input/feature/split1/1/feats.scp ark:- 
LOG (apply-cmvn-sliding[5.5.883~1-3eea3]:main():apply-cmvn-sliding.cc:75) Applied sliding-window cepstral mean normalization to 1 utterances, 0 had errors.
LOG (select-voiced-frames[5.5.883~1-3eea3]:main():select-voiced-frames.cc:106) Done selecting voiced frames; processed 1 utterances, 0 had errors.
LOG (nnet3-xvector-compute[5.5.883~1-3eea3]:main():nnet3-xvector-compute.cc:182) Chunk size of 10000 is greater than the number of rows in utterance: input-input, using chunk size  of 731
LOG (nnet3-xvector-compute[5.5.883~1-3eea3]:main():nnet3-xvector-compute.cc:238) Time taken 0.566164s: real-time factor assuming 100 frames/sec is 0.0774506
LOG (nnet3-xvector-compute[5.5.883~1-3eea3]:main():nnet3-xvector-compute.cc:241) Done 1 utterances, failed for 0
LOG (nnet3-xvector-compute[5.5.883~1-3eea3]:~CachingOptimizingCompiler():nnet-optimize.cc:710) 0.368 seconds taken in nnet3 compilation total (breakdown: 0.364 compilation, 0.000851 optimization, 0 shortcut expansion, 0.000243 checking, 9.54e-07 computing indexes, 0.00321 misc.) + 0 I/O.
# Accounting: time=0 threads=1
# Ended (code 0) at Tue Apr 27 02:17:52 +07 2021, elapsed time 0 seconds
