# ivector-plda-scoring --normalize-length=true --verbose=10 "ivector-copy-plda --smoothing=0.0 exp/xvector_nnet_1a/xvectors_train/plda - |" "ark:ivector-subtract-global-mean exp/xvector_nnet_1a/xvectors_train/mean.vec scp:input/xvector/xvector.scp ark:- | transform-vec exp/xvector_nnet_1a/xvectors_train/transform.mat ark:- ark:- | ivector-normalize-length ark:- ark:- |" "ark:ivector-subtract-global-mean exp/xvector_nnet_1a/xvectors_train/mean.vec scp:db/001/xvector/xvector.scp ark:- | transform-vec exp/xvector_nnet_1a/xvectors_train/transform.mat ark:- ark:- | ivector-normalize-length ark:- ark:- |" trials exp/scores_voxceleb1_test 
# Started at Tue Apr 27 02:17:52 +07 2021
#
ivector-plda-scoring --normalize-length=true --verbose=10 'ivector-copy-plda --smoothing=0.0 exp/xvector_nnet_1a/xvectors_train/plda - |' 'ark:ivector-subtract-global-mean exp/xvector_nnet_1a/xvectors_train/mean.vec scp:input/xvector/xvector.scp ark:- | transform-vec exp/xvector_nnet_1a/xvectors_train/transform.mat ark:- ark:- | ivector-normalize-length ark:- ark:- |' 'ark:ivector-subtract-global-mean exp/xvector_nnet_1a/xvectors_train/mean.vec scp:db/001/xvector/xvector.scp ark:- | transform-vec exp/xvector_nnet_1a/xvectors_train/transform.mat ark:- ark:- | ivector-normalize-length ark:- ark:- |' trials exp/scores_voxceleb1_test 
ivector-copy-plda --smoothing=0.0 exp/xvector_nnet_1a/xvectors_train/plda - 
transform-vec exp/xvector_nnet_1a/xvectors_train/transform.mat ark:- ark:- 
ivector-normalize-length ark:- ark:- 
ivector-subtract-global-mean exp/xvector_nnet_1a/xvectors_train/mean.vec scp:input/xvector/xvector.scp ark:- 
LOG (ivector-subtract-global-mean[5.5.883~1-3eea3]:main():ivector-subtract-global-mean.cc:108) Wrote 1 mean-subtracted iVectors
LOG (transform-vec[5.5.883~1-3eea3]:main():transform-vec.cc:85) Applied transform to 1 vectors.
LOG (ivector-normalize-length[5.5.883~1-3eea3]:main():ivector-normalize-length.cc:90) Processed 1 iVectors.
LOG (ivector-normalize-length[5.5.883~1-3eea3]:main():ivector-normalize-length.cc:94) Average ratio of iVector to expected length was 1.50647, standard deviation was 0
transform-vec exp/xvector_nnet_1a/xvectors_train/transform.mat ark:- ark:- 
ivector-subtract-global-mean exp/xvector_nnet_1a/xvectors_train/mean.vec scp:db/001/xvector/xvector.scp ark:- 
ivector-normalize-length ark:- ark:- 
LOG (ivector-subtract-global-mean[5.5.883~1-3eea3]:main():ivector-subtract-global-mean.cc:108) Wrote 1 mean-subtracted iVectors
LOG (transform-vec[5.5.883~1-3eea3]:main():transform-vec.cc:85) Applied transform to 1 vectors.
LOG (ivector-normalize-length[5.5.883~1-3eea3]:main():ivector-normalize-length.cc:90) Processed 1 iVectors.
LOG (ivector-normalize-length[5.5.883~1-3eea3]:main():ivector-normalize-length.cc:94) Average ratio of iVector to expected length was 1.41057, standard deviation was 0
LOG (ivector-plda-scoring[5.5.883~1-3eea3]:main():ivector-plda-scoring.cc:96) Reading train iVectors
LOG (ivector-plda-scoring[5.5.883~1-3eea3]:main():ivector-plda-scoring.cc:122) Read 1 training iVectors, errors on 0
LOG (ivector-plda-scoring[5.5.883~1-3eea3]:main():ivector-plda-scoring.cc:126) Average renormalization scale on training iVectors was 0.994643
LOG (ivector-plda-scoring[5.5.883~1-3eea3]:main():ivector-plda-scoring.cc:129) Reading test iVectors
LOG (ivector-plda-scoring[5.5.883~1-3eea3]:main():ivector-plda-scoring.cc:147) Read 1 test iVectors.
LOG (ivector-plda-scoring[5.5.883~1-3eea3]:main():ivector-plda-scoring.cc:150) Average renormalization scale on test iVectors was 1.01997
LOG (ivector-plda-scoring[5.5.883~1-3eea3]:main():ivector-plda-scoring.cc:214) Mean score was 20.1935, standard deviation was 0
LOG (ivector-plda-scoring[5.5.883~1-3eea3]:main():ivector-plda-scoring.cc:217) Processed 1 trials, 0 had errors.
# Accounting: time=0 threads=1
# Ended (code 0) at Tue Apr 27 02:17:52 +07 2021, elapsed time 0 seconds
